<?xml version="1.0" encoding="UTF-8"?>
<testsuite name="com.beyondh.cases.cashingbill.CashingBillCases" tests="3" skipped="0" failures="0" errors="0" timestamp="2017-11-10T06:17:56" hostname="BeyondTest-01" time="1.004">
  <properties/>
  <testcase name="addCashingBillCase[0]({&quot;Name&quot;:&quot;崭袜巧莲栖煤&quot;,&quot;BillProjects&quot;:[&quot;D2000&quot;],&quot;HotelId&quot;:660247752032257})" classname="com.beyondh.cases.cashingbill.CashingBillCases" time="0.251"/>
  <testcase name="addCashingBillItemCase[0]({&quot;HotelId&quot;:660247752032257,&quot;CashingBillId&quot;:660247919804422,&quot;BillProjectId&quot;:&quot;D7900&quot;,&quot;Amount&quot;:11.48,&quot;BillCreditTypeString&quot;:&quot;C9110&quot;,&quot;CreditItem&quot;:{&quot;ItemCategory&quot;:&quot;A&quot;,&quot;ItemType&quot;:&quot;Credit&quot;,&quot;SubItemType&quot;:&quot;C9110&quot;,&quot;IsDeposit&quot;:false,&quot;Amount&quot;:11.48,&quot;PaymentModel&quot;:{&quot;ArAccountId&quot;:0,&quot;OnlinePaymentId&quot;:0,&quot;Amount&quot;:11.48,&quot;MemberId&quot;:&quot;101517429&quot;}},&quot;Memo&quot;:&quot;&quot;,&quot;TotalAmount&quot;:11.48})" classname="com.beyondh.cases.cashingbill.CashingBillCases" time="0.246"/>
  <testcase name="addCashingBillItemCase[1]({&quot;HotelId&quot;:660247752032257,&quot;CashingBillId&quot;:660247919804418,&quot;BillProjectId&quot;:&quot;D6500&quot;,&quot;Amount&quot;:40,&quot;BillCreditTypeString&quot;:&quot;C9110&quot;,&quot;SmallWareOrders&quot;:[{&quot;Id&quot;:&quot;660250285391873&quot;,&quot;Name&quot;:&quot;冰红茶&quot;,&quot;Count&quot;:8,&quot;Price&quot;:5}],&quot;CreditItem&quot;:{&quot;ItemCategory&quot;:&quot;A&quot;,&quot;ItemType&quot;:&quot;Credit&quot;,&quot;SubItemType&quot;:&quot;C9110&quot;,&quot;IsDeposit&quot;:false,&quot;Amount&quot;:40,&quot;PaymentModel&quot;:{&quot;ArAccountId&quot;:0,&quot;OnlinePaymentId&quot;:0,&quot;Amount&quot;:40}},&quot;Memo&quot;:&quot;&quot;,&quot;TotalAmount&quot;:40})" classname="com.beyondh.cases.cashingbill.CashingBillCases" time="0.503"/>
  <system-out><![CDATA[]]></system-out>
  <system-err><![CDATA[]]></system-err>
</testsuite>
