<?xml version="1.0" encoding="UTF-8"?>
<testsuite name="com.beyondh.cases.hotel.HotelCases" tests="19" skipped="0" failures="0" errors="0" timestamp="2017-11-10T06:22:30" hostname="BeyondTest-01" time="11.476">
  <properties/>
  <testcase name="GetHTNetDoorOpenInfoCase[0]({&quot;OrgId&quot;:660247752032257,&quot;CheckinId&quot;:660250554286081})" classname="com.beyondh.cases.hotel.HotelCases" time="0.102"/>
  <testcase name="addRoomRemarkCase[0]({&quot;OrgId&quot;:660247752032257,&quot;CheckinId&quot;:660250554286081,&quot;MemberId&quot;:&quot;101517429&quot;,&quot;CleanScore&quot;:3,&quot;FacilityScore&quot;:5,&quot;ServiceScore&quot;:3,&quot;Remark&quot;:&quot;generated by addRoomRemark case&quot;,&quot;LocationScore&quot;:2,&quot;IsAlsoCheckIn&quot;:false})" classname="com.beyondh.cases.hotel.HotelCases" time="0.178"/>
  <testcase name="getFloors[0](660247752032257)" classname="com.beyondh.cases.hotel.HotelCases" time="0.338"/>
  <testcase name="getHotelInfoCase[0](660247752032257, {&quot;OrgId&quot;:660247752032257,&quot;OrgName&quot;:&quot;CPMS-API接口测试店&quot;,&quot;OrgSn&quot;:&quot;0X352&quot;})" classname="com.beyondh.cases.hotel.HotelCases" time="0.263"/>
  <testcase name="getHotelRoomTypesCase[0](660247752032257, {&quot;RoomTypeId&quot;:&quot;TR&quot;,&quot;BedCount&quot;:0,&quot;IsVirtual&quot;:false})" classname="com.beyondh.cases.hotel.HotelCases" time="0.612"/>
  <testcase name="getHotelsCase[0]({&quot;HotelName&quot;:&quot;CPMS-API接口测试店&quot;,&quot;Distance&quot;:0,&quot;OrderByRequests&quot;:[{&quot;OrderBy&quot;:&quot;OrgName&quot;,&quot;Asc&quot;:true}],&quot;PageIndex&quot;:1,&quot;PageSize&quot;:1000}, {&quot;OrgId&quot;:660247752032257,&quot;OrgName&quot;:&quot;CPMS-API接口测试店&quot;})" classname="com.beyondh.cases.hotel.HotelCases" time="0.455"/>
  <testcase name="getHotelsCase[1]({&quot;Distance&quot;:0,&quot;OrderByRequests&quot;:[{&quot;OrderBy&quot;:&quot;OrgName&quot;,&quot;Asc&quot;:true}],&quot;PageIndex&quot;:1,&quot;PageSize&quot;:1000}, {&quot;OrgId&quot;:660247752032257,&quot;OrgName&quot;:&quot;CPMS-API接口测试店&quot;})" classname="com.beyondh.cases.hotel.HotelCases" time="0.509"/>
  <testcase name="getHotelsCase[2]({&quot;Distance&quot;:0,&quot;OrderByRequests&quot;:[{&quot;OrderBy&quot;:&quot;OrgName&quot;,&quot;Asc&quot;:false}],&quot;PageIndex&quot;:1,&quot;PageSize&quot;:1000}, {&quot;OrgId&quot;:660247752032257,&quot;OrgName&quot;:&quot;CPMS-API接口测试店&quot;})" classname="com.beyondh.cases.hotel.HotelCases" time="0.575"/>
  <testcase name="getMemberHourRentPriceCase[0]({&quot;OrgId&quot;:660247752032257,&quot;ArriveTime&quot;:&quot;2017-11-10 14:22:34&quot;,&quot;DepartureTime&quot;:&quot;2017-11-10 17:22:34&quot;,&quot;MemberLevels&quot;:[&quot;LA&quot;]}, 50)" classname="com.beyondh.cases.hotel.HotelCases" time="1.277"/>
  <testcase name="getOrgConfigsCase[0]({&quot;OrgId&quot;:660247752032257,&quot;Category&quot;:&quot;Print&quot;,&quot;Key&quot;:&quot;PrintDepositReceipt&quot;}, com.beyondh.model.hotel.OrgConfigInfo@7842dbeb)" classname="com.beyondh.cases.hotel.HotelCases" time="0.063"/>
  <testcase name="getOrgGoodsCase[0](660247752032257, {&quot;OrgId&quot;:660247752032257,&quot;GoodsId&quot;:&quot;660250285391873&quot;,&quot;GoodsName&quot;:&quot;冰红茶&quot;,&quot;Price&quot;:5})" classname="com.beyondh.cases.hotel.HotelCases" time="0.191"/>
  <testcase name="getOwnerConfigsCase[0]({&quot;Category&quot;:&quot;BusinessLogic&quot;,&quot;Key&quot;:&quot;AutoNoShowSwitch&quot;}, com.beyondh.model.hotel.OwnerConfigInfo@9bd1040)" classname="com.beyondh.cases.hotel.HotelCases" time="0.058"/>
  <testcase name="getRoomTypesCase[0]({&quot;RoomTypeId&quot;:&quot;TR&quot;,&quot;BedAmount&quot;:0,&quot;Virtual&quot;:false,&quot;IsActive&quot;:false})" classname="com.beyondh.cases.hotel.HotelCases" time="0.332"/>
  <testcase name="searchHotelWithRoomPriceAndRoomCountCase[0]({&quot;ArriveTime&quot;:&quot;2017-11-10 14:22:36&quot;,&quot;DepartureTime&quot;:&quot;2017-11-11 12:00:00&quot;,&quot;HotelIds&quot;:[660247752032257],&quot;OnlyOpenedHotel&quot;:false,&quot;CheckinType&quot;:&quot;Normal&quot;,&quot;PhysicalRoomTypeOnly&quot;:false,&quot;BasicInfoOnly&quot;:false,&quot;IncludeDetailCounts&quot;:true,&quot;IncludePrices&quot;:true,&quot;IncludeRoomCounts&quot;:true,&quot;PageSize&quot;:1000,&quot;PageIndex&quot;:1})" classname="com.beyondh.cases.hotel.HotelCases" time="3.406"/>
  <testcase name="searchHotelWithRoomPriceAndRoomCountCase[1]({&quot;ArriveTime&quot;:&quot;2017-11-10 14:22:36&quot;,&quot;DepartureTime&quot;:&quot;2017-11-11 12:00:00&quot;,&quot;HotelIds&quot;:[660247752032257],&quot;OnlyOpenedHotel&quot;:false,&quot;CheckinType&quot;:&quot;Normal&quot;,&quot;RoomTypeIds&quot;:[&quot;TR&quot;],&quot;PhysicalRoomTypeOnly&quot;:false,&quot;BasicInfoOnly&quot;:false,&quot;IncludeDetailCounts&quot;:true,&quot;IncludePrices&quot;:true,&quot;IncludeRoomCounts&quot;:true,&quot;PageSize&quot;:1000,&quot;PageIndex&quot;:1})" classname="com.beyondh.cases.hotel.HotelCases" time="0.212"/>
  <testcase name="searchHotelWithRoomPriceAndRoomCountCase[2]({&quot;ArriveTime&quot;:&quot;2017-11-10 14:22:36&quot;,&quot;DepartureTime&quot;:&quot;2017-11-11 12:00:00&quot;,&quot;HotelIds&quot;:[660247752032257],&quot;OnlyOpenedHotel&quot;:false,&quot;CheckinType&quot;:&quot;Normal&quot;,&quot;RoomTypeIds&quot;:[&quot;TR&quot;],&quot;PhysicalRoomTypeOnly&quot;:false,&quot;BasicInfoOnly&quot;:false,&quot;IncludeDetailCounts&quot;:true,&quot;IncludePrices&quot;:true,&quot;IncludeRoomCounts&quot;:true,&quot;SearchType&quot;:&quot;Member&quot;,&quot;PageSize&quot;:1000,&quot;PageIndex&quot;:1})" classname="com.beyondh.cases.hotel.HotelCases" time="0.326"/>
  <testcase name="searchHotelWithRoomPriceAndRoomCountCase[3]({&quot;ArriveTime&quot;:&quot;2017-11-10 14:22:36&quot;,&quot;DepartureTime&quot;:&quot;2017-11-11 12:00:00&quot;,&quot;HotelIds&quot;:[660247752032257],&quot;OnlyOpenedHotel&quot;:false,&quot;CheckinType&quot;:&quot;Normal&quot;,&quot;RoomTypeIds&quot;:[&quot;TR&quot;],&quot;PhysicalRoomTypeOnly&quot;:false,&quot;BasicInfoOnly&quot;:false,&quot;IncludeDetailCounts&quot;:true,&quot;IncludePrices&quot;:true,&quot;IncludeRoomCounts&quot;:true,&quot;SearchType&quot;:&quot;Contractor&quot;,&quot;PageSize&quot;:1000,&quot;PageIndex&quot;:1})" classname="com.beyondh.cases.hotel.HotelCases" time="0.767"/>
  <testcase name="searchHotelWithRoomPriceAndRoomCountCase[4]({&quot;ArriveTime&quot;:&quot;2017-11-10 14:22:36&quot;,&quot;DepartureTime&quot;:&quot;2017-11-12 12:00:00&quot;,&quot;HotelIds&quot;:[660247752032257],&quot;OnlyOpenedHotel&quot;:false,&quot;CheckinType&quot;:&quot;Normal&quot;,&quot;RoomTypeIds&quot;:[&quot;TR&quot;],&quot;PhysicalRoomTypeOnly&quot;:false,&quot;BasicInfoOnly&quot;:false,&quot;IncludeDetailCounts&quot;:true,&quot;IncludePrices&quot;:true,&quot;IncludeRoomCounts&quot;:true,&quot;SearchType&quot;:&quot;Contractor&quot;,&quot;PageSize&quot;:1000,&quot;PageIndex&quot;:1})" classname="com.beyondh.cases.hotel.HotelCases" time="0.651"/>
  <testcase name="updateHotelWechatLocationCase[0]({&quot;OrgId&quot;:660247752032257,&quot;WechatLocation&quot;:&quot;砧杉糖能顽桓&quot;})" classname="com.beyondh.cases.hotel.HotelCases" time="0.213"/>
  <system-out><![CDATA[]]></system-out>
  <system-err><![CDATA[]]></system-err>
</testsuite>
